<?xml version="1.0" encoding="UTF-8"?>
<!-- Generated by org.testng.reporters.JUnitReportReporter -->
<testsuite skipped="0" hostname="DESKTOP-DBK2ROO" name="Test.TestUsuario" tests="2" failures="0" timestamp="17 Oct 2018 12:32:10 GMT" time="1.380" errors="0">
  <testcase name="crearTrabajos" time="0.780" classname="Test.TestUsuario"/>
  <testcase name="crearUsuarios" time="0.600" classname="Test.TestUsuario"/>
</testsuite> <!-- Test.TestUsuario -->
